<?xml version="1.0" encoding="UTF-8"?>
<!-- Generated by org.testng.reporters.JUnitReportReporter -->
<testsuite skipped="0" hostname="LKNDSSJGX3MQ2" name="mainClass.LoginPage" tests="2" failures="0" timestamp="02 Apr 2019 06:28:06 GMT" time="0.869" errors="0">
  <testcase name="LoginVerification" time="0.094" classname="mainClass.LoginPage"/>
  <testcase name="Login" time="0.775" classname="mainClass.LoginPage"/>
</testsuite> <!-- mainClass.LoginPage -->
